1.984163503155789432e-01
1.053953609793148449e-01
4.262682818741956453e-02
3.517805490866554585e-02
2.371727768349447124e-02
1.738621347320513932e-02
1.315115283333670795e-02
1.098469305431122936e-02
8.446891773937670669e-03
6.907621765796715177e-03
6.090373430804105551e-03
5.192715455228388496e-03
4.660355054110038205e-03
4.231709813106340236e-03
3.888413715743855095e-03
3.494163263517080335e-03
3.071625022381775823e-03
2.846885868562938973e-03
2.728872598018333446e-03
2.513925280686995101e-03
2.313321899279753222e-03
2.163712505194563193e-03
1.983149080487949228e-03
1.888888090248762482e-03
1.805547928801549355e-03
1.716790175487315157e-03
1.637012820249117298e-03
1.550291079504771338e-03
1.456112555241041153e-03
1.402059094771484918e-03
1.346595309326216244e-03
1.286089864929892274e-03
1.220242236254291592e-03
1.165112317343188018e-03
1.135362080582620658e-03
1.089103236937830803e-03
1.037147661844512988e-03
1.002874504883436877e-03
9.606245447958096850e-04
9.398491412161680790e-04
8.901258110350564624e-04
8.531439644740537905e-04
8.311630586139140669e-04
7.917301055402402137e-04
7.725654532879669628e-04
7.290423773830026185e-04
7.108094808227204695e-04
6.948923464064559428e-04
6.617023819722237226e-04
6.402234190749175489e-04
6.167346938751688780e-04
5.917850387475777916e-04
5.772104870683220741e-04
5.589031975122444327e-04
5.359218784117847920e-04
5.149503897382593735e-04
4.967652645368381050e-04
4.842493417713752708e-04
4.648082088325365896e-04
4.489423187621670243e-04
4.387376910353861644e-04
4.215713319084777319e-04
4.073831756238802245e-04
3.961986643679948124e-04
3.838553532728312392e-04
3.723146359887921750e-04
3.580771817003332129e-04
3.466113954483377910e-04
3.351046510270372066e-04
3.248558547355696272e-04
3.129336424503339196e-04
3.053468247621845600e-04
2.972803108688148207e-04
2.856524281041437777e-04
2.756375119810808663e-04
2.694969551669344613e-04
2.631383794262070336e-04
2.538561980140010871e-04
2.456504071517885018e-04
2.375092279576669629e-04
2.299957054391895761e-04
2.235219794932837803e-04
2.175382368820873537e-04
2.111508548483408869e-04
2.054503045385445894e-04
1.988642867319688555e-04
1.930020309132341101e-04
1.864606717933749711e-04
1.820881867811174101e-04
1.756931400071241802e-04
1.710794724280994411e-04
1.667231065625236666e-04
1.619504650650988779e-04
1.569404959874727166e-04
1.525583710994153695e-04
1.489015907463994736e-04
1.438047333545443892e-04
1.395329005649449553e-04
1.357707358120045706e-04
1.320031130912504246e-04
1.276522518673305572e-04
1.251474484290737265e-04
1.203858650002999375e-04
1.172537644253582827e-04
1.142836844293745072e-04
1.110387600121321431e-04
1.079529035736118462e-04
1.049883611223526074e-04
1.022803132471691601e-04
9.932296749288659565e-05
9.664007051170232180e-05
9.404638163407015778e-05
9.160924051947138787e-05
8.907510520703002845e-05
8.657503157953685437e-05
8.417717663361056043e-05
8.197532627594177090e-05
7.961520754413356092e-05
7.781815316339645483e-05
7.600496879724022458e-05
7.353599826155022483e-05
7.186883692926987575e-05
6.996597310309605284e-05
6.810463445537445152e-05
6.609243098987749798e-05
6.441936378339649426e-05
6.276290207059106909e-05
6.140206894383880320e-05
5.952534330254123087e-05
5.811083181836532467e-05
5.670664438767456298e-05
5.498687486044325000e-05
5.381936649251912709e-05
5.220959864153648303e-05
5.106851754583279548e-05
4.977165080162239261e-05
4.848052912984547223e-05
4.702888614500769156e-05
4.599664785217646464e-05
4.495471487616986084e-05
4.379090790184055998e-05
4.258759122965818499e-05
4.156755265430648396e-05
4.057718264452431613e-05
3.956994381956650770e-05
3.861314834525229894e-05
3.774034440455283795e-05
3.671745331515058184e-05
3.583991665510929400e-05
3.485239491204771548e-05
3.412844164268778919e-05
3.324377784952454431e-05
3.247013117872970237e-05
3.167282567798794036e-05
3.085058440141716238e-05
3.018274182875741897e-05
2.950538710087426995e-05
2.875456555439142423e-05
2.805370328197659760e-05
2.753112326086306201e-05
2.672841743003919273e-05
2.616902681991811221e-05
2.550692215089292751e-05
2.493594416990298457e-05
2.425586322164219118e-05
2.373452427585282030e-05
2.320691011982182320e-05
2.266126101886573377e-05
2.211830062703224432e-05
2.156874768986746205e-05
2.106793080492883416e-05
2.056854854552772345e-05
2.013165283544885800e-05
1.969755795757138889e-05
1.921503013205149143e-05
1.876286785641052281e-05
1.836824767064932707e-05
1.788631414663719539e-05
1.753347624958295566e-05
1.711128156920107665e-05
1.673506380617537846e-05
1.634008493058935517e-05
1.601298554366790709e-05
1.568715044209078238e-05
1.527511535366883900e-05
1.492784599912432255e-05
1.462143751172522422e-05
1.432210396623731983e-05
1.401891218342888961e-05
1.368581554568004238e-05
1.338194245249094621e-05
1.311950116849624391e-05
1.284340450182356744e-05
1.256533627094760992e-05
1.228673495518301702e-05
1.202776977078591326e-05
1.178836285285041515e-05
1.154509302437306625e-05
1.128749486512361963e-05
1.104511246136042493e-05
1.081728614511172004e-05
1.057285187531582729e-05
1.038063573671526026e-05
1.016057458989219061e-05
9.939313936678672879e-06
9.728578777190479820e-06
9.555281075189482837e-06
9.350698594862756296e-06
9.129146351721831819e-06
8.953525722241436409e-06
8.782173309661836833e-06
8.604255944408946023e-06
8.443363138211736456e-06
8.286341940957570601e-06
8.108541022459235325e-06
7.963432487335267990e-06
7.815227276505870517e-06
7.647125723328079838e-06
7.529223996909614350e-06
7.373171094642889058e-06
7.236842699658013197e-06
7.092541514685822137e-06
6.968577906746719446e-06
6.847734595252739299e-06
6.707354384980355991e-06
6.581302418414077218e-06
6.475358373406697321e-06
6.363849281766045902e-06
6.240212392683796192e-06
6.140103041395530720e-06
6.040086351141282688e-06
5.937225085761965355e-06
5.843643117594711857e-06
5.734118488997475334e-06
5.632219170454901504e-06
5.563027632666360189e-06
5.458194815628255385e-06
5.372384658015587575e-06
5.294500373440629357e-06
5.222733533554856105e-06
5.133479799355321162e-06
5.056960865899508175e-06
4.986149675839747077e-06
4.911597137967513013e-06
4.851253733822422639e-06
4.781614805480598355e-06
4.734894684800626514e-06
4.658421475663277855e-06
4.595855950422337397e-06
4.549619399965716863e-06
4.483110206790226127e-06
4.442021210808183420e-06
4.384069587327428195e-06
4.334897469526872092e-06
4.293095836152422902e-06
4.262847066755928125e-06
